Looking for git in: git
Using git 2.25.1 from git
> git rev-parse --git-dir
Open repository: /home/erik/drip-games
> git status -z -u
> git symbolic-ref --short HEAD
> git rev-parse main
> git rev-parse --symbolic-full-name main@{u}
> git rev-list --left-right main...refs/remotes/origin/main
> git for-each-ref --sort -committerdate --format %(refname) %(objectname) %(*objectname)
> git remote --verbose
Warning: Failed to watch ref '/home/erik/drip-games/.git/refs/remotes/origin/main', is most likely packed.
> git config --get commit.template
> git show --textconv :levels.html
> git ls-files --stage -- /home/erik/drip-games/levels.html
> git cat-file -s 2979f86ac9c6fe01e95b21b4372ae11bbbd2011d
> git check-ignore -v -z --stdin
> git check-ignore -v -z --stdin
> git show --textconv :script.js
> git ls-files --stage -- /home/erik/drip-games/script.js
> git cat-file -s c21dc0c09b8d3632f5dcc761308b0fdd6b6c948f
> git show --textconv :drip_game/index.html
> git ls-files --stage -- /home/erik/drip-games/drip_game/index.html
> git status -z -u
> git symbolic-ref --short HEAD
> git rev-parse main
> git rev-parse --symbolic-full-name main@{u}
> git rev-list --left-right main...refs/remotes/origin/main
> git for-each-ref --sort -committerdate --format %(refname) %(objectname) %(*objectname)
> git remote --verbose
Warning: Failed to watch ref '/home/erik/drip-games/.git/refs/remotes/origin/main', is most likely packed.
> git config --get commit.template
> git status -z -u
> git symbolic-ref --short HEAD
> git rev-parse main
> git rev-parse --symbolic-full-name main@{u}
> git rev-list --left-right main...refs/remotes/origin/main
> git for-each-ref --sort -committerdate --format %(refname) %(objectname) %(*objectname)
> git remote --verbose
Warning: Failed to watch ref '/home/erik/drip-games/.git/refs/remotes/origin/main', is most likely packed.
> git config --get commit.template
> git status -z -u
> git symbolic-ref --short HEAD
> git rev-parse main
> git rev-parse --symbolic-full-name main@{u}
> git rev-list --left-right main...refs/remotes/origin/main
> git for-each-ref --sort -committerdate --format %(refname) %(objectname) %(*objectname)
> git remote --verbose
Warning: Failed to watch ref '/home/erik/drip-games/.git/refs/remotes/origin/main', is most likely packed.
> git config --get commit.template
> git status -z -u
> git symbolic-ref --short HEAD
> git rev-parse main
> git rev-parse --symbolic-full-name main@{u}
> git rev-list --left-right main...refs/remotes/origin/main
> git for-each-ref --sort -committerdate --format %(refname) %(objectname) %(*objectname)
> git remote --verbose
Warning: Failed to watch ref '/home/erik/drip-games/.git/refs/remotes/origin/main', is most likely packed.
> git config --get commit.template
> git status -z -u
> git symbolic-ref --short HEAD
> git rev-parse main
> git rev-parse --symbolic-full-name main@{u}
> git rev-list --left-right main...refs/remotes/origin/main
> git for-each-ref --sort -committerdate --format %(refname) %(objectname) %(*objectname)
> git remote --verbose
Warning: Failed to watch ref '/home/erik/drip-games/.git/refs/remotes/origin/main', is most likely packed.
> git config --get commit.template
> git status -z -u
> git symbolic-ref --short HEAD
> git rev-parse main
> git rev-parse --symbolic-full-name main@{u}
> git rev-list --left-right main...refs/remotes/origin/main
> git for-each-ref --sort -committerdate --format %(refname) %(objectname) %(*objectname)
> git remote --verbose
Warning: Failed to watch ref '/home/erik/drip-games/.git/refs/remotes/origin/main', is most likely packed.
> git config --get commit.template
> git status -z -u
> git symbolic-ref --short HEAD
> git rev-parse main
> git rev-parse --symbolic-full-name main@{u}
> git rev-list --left-right main...refs/remotes/origin/main
> git for-each-ref --sort -committerdate --format %(refname) %(objectname) %(*objectname)
> git remote --verbose
Warning: Failed to watch ref '/home/erik/drip-games/.git/refs/remotes/origin/main', is most likely packed.
> git config --get commit.template
> git status -z -u
> git symbolic-ref --short HEAD
> git rev-parse main
> git rev-parse --symbolic-full-name main@{u}
> git rev-list --left-right main...refs/remotes/origin/main
> git for-each-ref --sort -committerdate --format %(refname) %(objectname) %(*objectname)
> git remote --verbose
Warning: Failed to watch ref '/home/erik/drip-games/.git/refs/remotes/origin/main', is most likely packed.
> git config --get commit.template
> git status -z -u
> git symbolic-ref --short HEAD
> git rev-parse main
> git rev-parse --symbolic-full-name main@{u}
> git rev-list --left-right main...refs/remotes/origin/main
> git for-each-ref --sort -committerdate --format %(refname) %(objectname) %(*objectname)
> git remote --verbose
Warning: Failed to watch ref '/home/erik/drip-games/.git/refs/remotes/origin/main', is most likely packed.
> git config --get commit.template
> git status -z -u
> git symbolic-ref --short HEAD
> git rev-parse main
> git rev-parse --symbolic-full-name main@{u}
> git rev-list --left-right main...refs/remotes/origin/main
> git for-each-ref --sort -committerdate --format %(refname) %(objectname) %(*objectname)
> git remote --verbose
Warning: Failed to watch ref '/home/erik/drip-games/.git/refs/remotes/origin/main', is most likely packed.
> git config --get commit.template
> git status -z -u
> git symbolic-ref --short HEAD
> git rev-parse main
> git rev-parse --symbolic-full-name main@{u}
> git rev-list --left-right main...refs/remotes/origin/main
> git for-each-ref --sort -committerdate --format %(refname) %(objectname) %(*objectname)
> git remote --verbose
Warning: Failed to watch ref '/home/erik/drip-games/.git/refs/remotes/origin/main', is most likely packed.
> git config --get commit.template
> git show --textconv :index.html
> git ls-files --stage -- /home/erik/drip-games/index.html
> git check-ignore -v -z --stdin
> git status -z -u
> git symbolic-ref --short HEAD
> git rev-parse main
> git rev-parse --symbolic-full-name main@{u}
> git rev-list --left-right main...refs/remotes/origin/main
> git for-each-ref --sort -committerdate --format %(refname) %(objectname) %(*objectname)
> git remote --verbose
Warning: Failed to watch ref '/home/erik/drip-games/.git/refs/remotes/origin/main', is most likely packed.
> git config --get commit.template
> git check-ignore -v -z --stdin
> git check-ignore -v -z --stdin
> git status -z -u
> git symbolic-ref --short HEAD
> git rev-parse main
> git rev-parse --symbolic-full-name main@{u}
> git rev-list --left-right main...refs/remotes/origin/main
> git for-each-ref --sort -committerdate --format %(refname) %(objectname) %(*objectname)
> git remote --verbose
Warning: Failed to watch ref '/home/erik/drip-games/.git/refs/remotes/origin/main', is most likely packed.
> git config --get commit.template
> git show --textconv :about.html
> git ls-files --stage -- /home/erik/drip-games/about.html
> git show --textconv :index.html
> git ls-files --stage -- /home/erik/drip-games/index.html
> git status -z -u
> git symbolic-ref --short HEAD
> git rev-parse main
> git rev-parse --symbolic-full-name main@{u}
> git rev-list --left-right main...refs/remotes/origin/main
> git for-each-ref --sort -committerdate --format %(refname) %(objectname) %(*objectname)
> git remote --verbose
Warning: Failed to watch ref '/home/erik/drip-games/.git/refs/remotes/origin/main', is most likely packed.
> git config --get commit.template
> git status -z -u
> git symbolic-ref --short HEAD
> git rev-parse main
> git rev-parse --symbolic-full-name main@{u}
> git rev-list --left-right main...refs/remotes/origin/main
> git for-each-ref --sort -committerdate --format %(refname) %(objectname) %(*objectname)
> git remote --verbose
Warning: Failed to watch ref '/home/erik/drip-games/.git/refs/remotes/origin/main', is most likely packed.
> git config --get commit.template
> git status -z -u
> git symbolic-ref --short HEAD
> git rev-parse main
> git rev-parse --symbolic-full-name main@{u}
> git rev-list --left-right main...refs/remotes/origin/main
> git for-each-ref --sort -committerdate --format %(refname) %(objectname) %(*objectname)
> git remote --verbose
Warning: Failed to watch ref '/home/erik/drip-games/.git/refs/remotes/origin/main', is most likely packed.
> git config --get commit.template
> git ls-files --stage -- /home/erik/drip-games/index.html
> git show --textconv :index.html
> git status -z -u
> git symbolic-ref --short HEAD
> git rev-parse main
> git rev-parse --symbolic-full-name main@{u}
> git rev-list --left-right main...refs/remotes/origin/main
> git for-each-ref --sort -committerdate --format %(refname) %(objectname) %(*objectname)
> git remote --verbose
Warning: Failed to watch ref '/home/erik/drip-games/.git/refs/remotes/origin/main', is most likely packed.
> git config --get commit.template
> git status -z -u
> git symbolic-ref --short HEAD
> git rev-parse main
> git rev-parse --symbolic-full-name main@{u}
> git rev-list --left-right main...refs/remotes/origin/main
> git for-each-ref --sort -committerdate --format %(refname) %(objectname) %(*objectname)
> git remote --verbose
Warning: Failed to watch ref '/home/erik/drip-games/.git/refs/remotes/origin/main', is most likely packed.
> git config --get commit.template
> git ls-files --stage -- /home/erik/drip-games/index.html
> git show --textconv :index.html
> git status -z -u
> git symbolic-ref --short HEAD
> git rev-parse main
> git rev-parse --symbolic-full-name main@{u}
> git rev-list --left-right main...refs/remotes/origin/main
> git for-each-ref --sort -committerdate --format %(refname) %(objectname) %(*objectname)
> git remote --verbose
Warning: Failed to watch ref '/home/erik/drip-games/.git/refs/remotes/origin/main', is most likely packed.
> git config --get commit.template
> git status -z -u
> git symbolic-ref --short HEAD
> git rev-parse main
> git rev-parse --symbolic-full-name main@{u}
> git rev-list --left-right main...refs/remotes/origin/main
> git for-each-ref --sort -committerdate --format %(refname) %(objectname) %(*objectname)
> git remote --verbose
Warning: Failed to watch ref '/home/erik/drip-games/.git/refs/remotes/origin/main', is most likely packed.
> git config --get commit.template
> git status -z -u
> git symbolic-ref --short HEAD
> git rev-parse main
> git rev-parse --symbolic-full-name main@{u}
> git rev-list --left-right main...refs/remotes/origin/main
> git for-each-ref --sort -committerdate --format %(refname) %(objectname) %(*objectname)
> git remote --verbose
Warning: Failed to watch ref '/home/erik/drip-games/.git/refs/remotes/origin/main', is most likely packed.
> git config --get commit.template
> git ls-files --stage -- /home/erik/drip-games/index.html
> git cat-file -s b0515234d2ba7686d17301edb3b535d2591fb8b9
> git show --textconv :index.html
> git status -z -u
> git symbolic-ref --short HEAD
> git rev-parse main
> git rev-parse --symbolic-full-name main@{u}
> git rev-list --left-right main...refs/remotes/origin/main
> git for-each-ref --sort -committerdate --format %(refname) %(objectname) %(*objectname)
> git remote --verbose
Warning: Failed to watch ref '/home/erik/drip-games/.git/refs/remotes/origin/main', is most likely packed.
> git config --get commit.template
> git ls-files --stage -- /home/erik/drip-games/index.html
> git cat-file -s b0515234d2ba7686d17301edb3b535d2591fb8b9
> git show --textconv :index.html
> git status -z -u
> git symbolic-ref --short HEAD
> git rev-parse main
> git rev-parse --symbolic-full-name main@{u}
> git rev-list --left-right main...refs/remotes/origin/main
> git for-each-ref --sort -committerdate --format %(refname) %(objectname) %(*objectname)
> git remote --verbose
Warning: Failed to watch ref '/home/erik/drip-games/.git/refs/remotes/origin/main', is most likely packed.
> git config --get commit.template
> git status -z -u
> git symbolic-ref --short HEAD
> git rev-parse main
> git rev-parse --symbolic-full-name main@{u}
> git rev-list --left-right main...refs/remotes/origin/main
> git for-each-ref --sort -committerdate --format %(refname) %(objectname) %(*objectname)
> git remote --verbose
Warning: Failed to watch ref '/home/erik/drip-games/.git/refs/remotes/origin/main', is most likely packed.
> git config --get commit.template
> git ls-files --stage -- /home/erik/drip-games/index.html
> git cat-file -s b0515234d2ba7686d17301edb3b535d2591fb8b9
> git show --textconv :index.html
> git status -z -u
> git symbolic-ref --short HEAD
> git rev-parse main
> git rev-parse --symbolic-full-name main@{u}
> git rev-list --left-right main...refs/remotes/origin/main
> git for-each-ref --sort -committerdate --format %(refname) %(objectname) %(*objectname)
> git remote --verbose
Warning: Failed to watch ref '/home/erik/drip-games/.git/refs/remotes/origin/main', is most likely packed.
> git config --get commit.template
> git status -z -u
> git symbolic-ref --short HEAD
> git rev-parse main
> git rev-parse --symbolic-full-name main@{u}
> git rev-list --left-right main...refs/remotes/origin/main
> git for-each-ref --sort -committerdate --format %(refname) %(objectname) %(*objectname)
> git remote --verbose
Warning: Failed to watch ref '/home/erik/drip-games/.git/refs/remotes/origin/main', is most likely packed.
> git config --get commit.template
> git ls-files --stage -- /home/erik/drip-games/index.html
> git cat-file -s b0515234d2ba7686d17301edb3b535d2591fb8b9
> git show --textconv :index.html
> git status -z -u
> git symbolic-ref --short HEAD
> git rev-parse main
> git rev-parse --symbolic-full-name main@{u}
> git rev-list --left-right main...refs/remotes/origin/main
> git for-each-ref --sort -committerdate --format %(refname) %(objectname) %(*objectname)
> git remote --verbose
Warning: Failed to watch ref '/home/erik/drip-games/.git/refs/remotes/origin/main', is most likely packed.
> git config --get commit.template
> git status -z -u
> git symbolic-ref --short HEAD
> git rev-parse main
> git rev-parse --symbolic-full-name main@{u}
> git rev-list --left-right main...refs/remotes/origin/main
> git for-each-ref --sort -committerdate --format %(refname) %(objectname) %(*objectname)
> git remote --verbose
Warning: Failed to watch ref '/home/erik/drip-games/.git/refs/remotes/origin/main', is most likely packed.
> git config --get commit.template
> git ls-files --stage -- /home/erik/drip-games/index.html
> git cat-file -s b0515234d2ba7686d17301edb3b535d2591fb8b9
> git show --textconv :index.html
> git status -z -u
> git symbolic-ref --short HEAD
> git rev-parse main
> git rev-parse --symbolic-full-name main@{u}
> git rev-list --left-right main...refs/remotes/origin/main
> git for-each-ref --sort -committerdate --format %(refname) %(objectname) %(*objectname)
> git remote --verbose
Warning: Failed to watch ref '/home/erik/drip-games/.git/refs/remotes/origin/main', is most likely packed.
> git config --get commit.template
> git status -z -u
> git symbolic-ref --short HEAD
> git rev-parse main
> git rev-parse --symbolic-full-name main@{u}
> git rev-list --left-right main...refs/remotes/origin/main
> git for-each-ref --sort -committerdate --format %(refname) %(objectname) %(*objectname)
> git remote --verbose
Warning: Failed to watch ref '/home/erik/drip-games/.git/refs/remotes/origin/main', is most likely packed.
> git config --get commit.template
> git ls-files --stage -- /home/erik/drip-games/index.html
> git cat-file -s b0515234d2ba7686d17301edb3b535d2591fb8b9
> git show --textconv :index.html
> git status -z -u
> git symbolic-ref --short HEAD
> git rev-parse main
> git rev-parse --symbolic-full-name main@{u}
> git rev-list --left-right main...refs/remotes/origin/main
> git for-each-ref --sort -committerdate --format %(refname) %(objectname) %(*objectname)
> git remote --verbose
Warning: Failed to watch ref '/home/erik/drip-games/.git/refs/remotes/origin/main', is most likely packed.
> git config --get commit.template
> git status -z -u
> git symbolic-ref --short HEAD
> git rev-parse main
> git rev-parse --symbolic-full-name main@{u}
> git rev-list --left-right main...refs/remotes/origin/main
> git for-each-ref --sort -committerdate --format %(refname) %(objectname) %(*objectname)
> git remote --verbose
Warning: Failed to watch ref '/home/erik/drip-games/.git/refs/remotes/origin/main', is most likely packed.
> git config --get commit.template
> git ls-files --stage -- /home/erik/drip-games/index.html
> git cat-file -s b0515234d2ba7686d17301edb3b535d2591fb8b9
> git show --textconv :index.html
> git status -z -u
> git symbolic-ref --short HEAD
> git rev-parse main
> git rev-parse --symbolic-full-name main@{u}
> git rev-list --left-right main...refs/remotes/origin/main
> git for-each-ref --sort -committerdate --format %(refname) %(objectname) %(*objectname)
> git remote --verbose
Warning: Failed to watch ref '/home/erik/drip-games/.git/refs/remotes/origin/main', is most likely packed.
> git config --get commit.template
> git status -z -u
> git symbolic-ref --short HEAD
> git rev-parse main
> git rev-parse --symbolic-full-name main@{u}
> git rev-list --left-right main...refs/remotes/origin/main
> git for-each-ref --sort -committerdate --format %(refname) %(objectname) %(*objectname)
> git remote --verbose
Warning: Failed to watch ref '/home/erik/drip-games/.git/refs/remotes/origin/main', is most likely packed.
> git config --get commit.template
> git ls-files --stage -- /home/erik/drip-games/index.html
> git cat-file -s b0515234d2ba7686d17301edb3b535d2591fb8b9
> git show --textconv :index.html
> git status -z -u
> git symbolic-ref --short HEAD
> git rev-parse main
> git rev-parse --symbolic-full-name main@{u}
> git rev-list --left-right main...refs/remotes/origin/main
> git for-each-ref --sort -committerdate --format %(refname) %(objectname) %(*objectname)
> git remote --verbose
Warning: Failed to watch ref '/home/erik/drip-games/.git/refs/remotes/origin/main', is most likely packed.
> git config --get commit.template
> git status -z -u
> git symbolic-ref --short HEAD
> git rev-parse main
> git rev-parse --symbolic-full-name main@{u}
> git rev-list --left-right main...refs/remotes/origin/main
> git for-each-ref --sort -committerdate --format %(refname) %(objectname) %(*objectname)
> git remote --verbose
Warning: Failed to watch ref '/home/erik/drip-games/.git/refs/remotes/origin/main', is most likely packed.
> git config --get commit.template
> git ls-files --stage -- /home/erik/drip-games/index.html
> git cat-file -s b0515234d2ba7686d17301edb3b535d2591fb8b9
> git show --textconv :index.html
> git status -z -u
> git symbolic-ref --short HEAD
> git rev-parse main
> git rev-parse --symbolic-full-name main@{u}
> git rev-list --left-right main...refs/remotes/origin/main
> git for-each-ref --sort -committerdate --format %(refname) %(objectname) %(*objectname)
> git remote --verbose
Warning: Failed to watch ref '/home/erik/drip-games/.git/refs/remotes/origin/main', is most likely packed.
> git config --get commit.template
> git status -z -u
> git symbolic-ref --short HEAD
> git rev-parse main
> git rev-parse --symbolic-full-name main@{u}
> git rev-list --left-right main...refs/remotes/origin/main
> git for-each-ref --sort -committerdate --format %(refname) %(objectname) %(*objectname)
> git remote --verbose
Warning: Failed to watch ref '/home/erik/drip-games/.git/refs/remotes/origin/main', is most likely packed.
> git config --get commit.template
> git ls-files --stage -- /home/erik/drip-games/index.html
> git cat-file -s b0515234d2ba7686d17301edb3b535d2591fb8b9
> git show --textconv :index.html
> git status -z -u
> git symbolic-ref --short HEAD
> git rev-parse main
> git rev-parse --symbolic-full-name main@{u}
> git rev-list --left-right main...refs/remotes/origin/main
> git for-each-ref --sort -committerdate --format %(refname) %(objectname) %(*objectname)
> git remote --verbose
Warning: Failed to watch ref '/home/erik/drip-games/.git/refs/remotes/origin/main', is most likely packed.
> git config --get commit.template
> git show --textconv HEAD:index.html
> git show --textconv :index.html
> git ls-tree -l HEAD -- /home/erik/drip-games/index.html
> git ls-files --stage -- /home/erik/drip-games/index.html
> git cat-file -s b0515234d2ba7686d17301edb3b535d2591fb8b9
> git check-ignore -v -z --stdin
> git show --textconv HEAD:about.html
> git show --textconv :about.html
> git ls-tree -l HEAD -- /home/erik/drip-games/about.html
> git ls-files --stage -- /home/erik/drip-games/about.html
> git cat-file -s e69de29bb2d1d6434b8b29ae775ad8c2e48c5391
> git check-ignore -v -z --stdin
> git show --textconv HEAD:index.html
> git show --textconv :index.html
> git ls-tree -l HEAD -- /home/erik/drip-games/index.html
> git ls-files --stage -- /home/erik/drip-games/index.html
> git cat-file -s b0515234d2ba7686d17301edb3b535d2591fb8b9
> git show --textconv HEAD:style.css
> git show --textconv :style.css
> git ls-tree -l HEAD -- /home/erik/drip-games/style.css
> git ls-files --stage -- /home/erik/drip-games/style.css
> git cat-file -s c37bd104822ccf60953454de22cdfd6df71d4002
> git check-ignore -v -z --stdin
> git for-each-ref --format %(refname:short)%00%(upstream:short) refs/heads
> git checkout -q main
> git status -z -u
> git symbolic-ref --short HEAD
> git rev-parse main
> git rev-parse --symbolic-full-name main@{u}
> git rev-list --left-right main...refs/remotes/origin/main
> git for-each-ref --sort -committerdate --format %(refname) %(objectname) %(*objectname)
> git remote --verbose
Warning: Failed to watch ref '/home/erik/drip-games/.git/refs/remotes/origin/main', is most likely packed.
> git config --get commit.template
> git ls-tree -l HEAD -- /home/erik/drip-games/style.css
> git ls-files --stage -- /home/erik/drip-games/style.css
> git cat-file -s c37bd104822ccf60953454de22cdfd6df71d4002
> git show --textconv HEAD:style.css
> git show --textconv :style.css
> git status -z -u
> git symbolic-ref --short HEAD
> git rev-parse main
> git rev-parse --symbolic-full-name main@{u}
> git rev-list --left-right main...refs/remotes/origin/main
> git for-each-ref --sort -committerdate --format %(refname) %(objectname) %(*objectname)
> git remote --verbose
Warning: Failed to watch ref '/home/erik/drip-games/.git/refs/remotes/origin/main', is most likely packed.
> git config --get commit.template
> git for-each-ref --format %(refname:short)%00%(upstream:short) refs/heads
> git checkout -q main
> git status -z -u
> git symbolic-ref --short HEAD
> git rev-parse main
> git rev-parse --symbolic-full-name main@{u}
> git rev-list --left-right main...refs/remotes/origin/main
> git for-each-ref --sort -committerdate --format %(refname) %(objectname) %(*objectname)
> git remote --verbose
Warning: Failed to watch ref '/home/erik/drip-games/.git/refs/remotes/origin/main', is most likely packed.
> git config --get commit.template
> git ls-tree -l HEAD -- /home/erik/drip-games/style.css
> git ls-files --stage -- /home/erik/drip-games/style.css
> git cat-file -s c37bd104822ccf60953454de22cdfd6df71d4002
> git show --textconv HEAD:style.css
> git show --textconv :style.css
> git status -z -u
> git symbolic-ref --short HEAD
> git rev-parse main
> git rev-parse --symbolic-full-name main@{u}
> git rev-list --left-right main...refs/remotes/origin/main
> git for-each-ref --sort -committerdate --format %(refname) %(objectname) %(*objectname)
> git remote --verbose
Warning: Failed to watch ref '/home/erik/drip-games/.git/refs/remotes/origin/main', is most likely packed.
> git config --get commit.template
> git push origin main:main
Everything up-to-date
> git status -z -u
> git symbolic-ref --short HEAD
> git rev-parse main
> git rev-parse --symbolic-full-name main@{u}
> git rev-list --left-right main...refs/remotes/origin/main
> git for-each-ref --sort -committerdate --format %(refname) %(objectname) %(*objectname)
> git remote --verbose
Warning: Failed to watch ref '/home/erik/drip-games/.git/refs/remotes/origin/main', is most likely packed.
> git config --get commit.template
> git fetch
> git status -z -u
> git symbolic-ref --short HEAD
> git rev-parse main
> git rev-parse --symbolic-full-name main@{u}
> git rev-list --left-right main...refs/remotes/origin/main
> git for-each-ref --sort -committerdate --format %(refname) %(objectname) %(*objectname)
> git remote --verbose
Warning: Failed to watch ref '/home/erik/drip-games/.git/refs/remotes/origin/main', is most likely packed.
> git config --get commit.template
> git ls-tree -l HEAD -- /home/erik/drip-games/style.css
> git ls-files --stage -- /home/erik/drip-games/style.css
> git cat-file -s c37bd104822ccf60953454de22cdfd6df71d4002
> git show --textconv HEAD:style.css
> git show --textconv :style.css
> git status -z -u
> git symbolic-ref --short HEAD
> git rev-parse main
> git rev-parse --symbolic-full-name main@{u}
> git rev-list --left-right main...refs/remotes/origin/main
> git for-each-ref --sort -committerdate --format %(refname) %(objectname) %(*objectname)
> git remote --verbose
Warning: Failed to watch ref '/home/erik/drip-games/.git/refs/remotes/origin/main', is most likely packed.
> git config --get commit.template
> git fetch
> git status -z -u
> git symbolic-ref --short HEAD
> git rev-parse main
> git rev-parse --symbolic-full-name main@{u}
> git rev-list --left-right main...refs/remotes/origin/main
> git for-each-ref --sort -committerdate --format %(refname) %(objectname) %(*objectname)
> git remote --verbose
Warning: Failed to watch ref '/home/erik/drip-games/.git/refs/remotes/origin/main', is most likely packed.
> git config --get commit.template
> git ls-tree -l HEAD -- /home/erik/drip-games/style.css
> git ls-files --stage -- /home/erik/drip-games/style.css
> git cat-file -s c37bd104822ccf60953454de22cdfd6df71d4002
> git show --textconv HEAD:style.css
> git show --textconv :style.css
> git status -z -u
> git symbolic-ref --short HEAD
> git rev-parse main
> git rev-parse --symbolic-full-name main@{u}
> git rev-list --left-right main...refs/remotes/origin/main
> git for-each-ref --sort -committerdate --format %(refname) %(objectname) %(*objectname)
> git remote --verbose
Warning: Failed to watch ref '/home/erik/drip-games/.git/refs/remotes/origin/main', is most likely packed.
> git config --get commit.template
> git fetch
> git status -z -u
> git symbolic-ref --short HEAD
> git rev-parse main
> git rev-parse --symbolic-full-name main@{u}
> git rev-list --left-right main...refs/remotes/origin/main
> git for-each-ref --sort -committerdate --format %(refname) %(objectname) %(*objectname)
> git remote --verbose
Warning: Failed to watch ref '/home/erik/drip-games/.git/refs/remotes/origin/main', is most likely packed.
> git config --get commit.template
> git ls-tree -l HEAD -- /home/erik/drip-games/style.css
> git ls-files --stage -- /home/erik/drip-games/style.css
> git cat-file -s c37bd104822ccf60953454de22cdfd6df71d4002
> git show --textconv HEAD:style.css
> git show --textconv :style.css
> git status -z -u
> git symbolic-ref --short HEAD
> git rev-parse main
> git rev-parse --symbolic-full-name main@{u}
> git rev-list --left-right main...refs/remotes/origin/main
> git for-each-ref --sort -committerdate --format %(refname) %(objectname) %(*objectname)
> git remote --verbose
Warning: Failed to watch ref '/home/erik/drip-games/.git/refs/remotes/origin/main', is most likely packed.
> git config --get commit.template
> git fetch
> git status -z -u
> git symbolic-ref --short HEAD
> git rev-parse main
> git rev-parse --symbolic-full-name main@{u}
> git rev-list --left-right main...refs/remotes/origin/main
> git for-each-ref --sort -committerdate --format %(refname) %(objectname) %(*objectname)
> git remote --verbose
Warning: Failed to watch ref '/home/erik/drip-games/.git/refs/remotes/origin/main', is most likely packed.
> git config --get commit.template
> git ls-tree -l HEAD -- /home/erik/drip-games/style.css
> git ls-files --stage -- /home/erik/drip-games/style.css
> git cat-file -s c37bd104822ccf60953454de22cdfd6df71d4002
> git show --textconv HEAD:style.css
> git show --textconv :style.css
> git status -z -u
> git symbolic-ref --short HEAD
> git rev-parse main
> git rev-parse --symbolic-full-name main@{u}
> git rev-list --left-right main...refs/remotes/origin/main
> git for-each-ref --sort -committerdate --format %(refname) %(objectname) %(*objectname)
> git remote --verbose
Warning: Failed to watch ref '/home/erik/drip-games/.git/refs/remotes/origin/main', is most likely packed.
> git config --get commit.template
> git ls-tree -l HEAD -- /home/erik/drip-games/style.css
> git ls-files --stage -- /home/erik/drip-games/style.css
> git cat-file -s c37bd104822ccf60953454de22cdfd6df71d4002
> git branch
> git reset -q HEAD -- /home/erik/drip-games/about.html
> git status -z -u
> git symbolic-ref --short HEAD
> git rev-parse main
> git rev-parse --symbolic-full-name main@{u}
> git rev-list --left-right main...refs/remotes/origin/main
> git for-each-ref --sort -committerdate --format %(refname) %(objectname) %(*objectname)
> git remote --verbose
Warning: Failed to watch ref '/home/erik/drip-games/.git/refs/remotes/origin/main', is most likely packed.
> git config --get commit.template
> git ls-tree -l HEAD -- /home/erik/drip-games/style.css
> git ls-files --stage -- /home/erik/drip-games/style.css
> git cat-file -s c37bd104822ccf60953454de22cdfd6df71d4002
> git show --textconv HEAD:style.css
> git show --textconv :style.css
> git fetch
> git status -z -u
> git symbolic-ref --short HEAD
> git rev-parse main
> git rev-parse --symbolic-full-name main@{u}
> git rev-list --left-right main...refs/remotes/origin/main
> git for-each-ref --sort -committerdate --format %(refname) %(objectname) %(*objectname)
> git remote --verbose
Warning: Failed to watch ref '/home/erik/drip-games/.git/refs/remotes/origin/main', is most likely packed.
> git config --get commit.template
> git branch
> git reset -q HEAD -- /home/erik/drip-games/index.html
> git status -z -u
> git symbolic-ref --short HEAD
> git rev-parse main
> git rev-parse --symbolic-full-name main@{u}
> git rev-list --left-right main...refs/remotes/origin/main
> git for-each-ref --sort -committerdate --format %(refname) %(objectname) %(*objectname)
> git remote --verbose
Warning: Failed to watch ref '/home/erik/drip-games/.git/refs/remotes/origin/main', is most likely packed.
> git config --get commit.template
> git status -z -u
> git symbolic-ref --short HEAD
> git rev-parse main
> git rev-parse --symbolic-full-name main@{u}
> git rev-list --left-right main...refs/remotes/origin/main
> git for-each-ref --sort -committerdate --format %(refname) %(objectname) %(*objectname)
> git remote --verbose
Warning: Failed to watch ref '/home/erik/drip-games/.git/refs/remotes/origin/main', is most likely packed.
> git config --get commit.template
> git branch
> git reset -q HEAD -- /home/erik/drip-games/style.css
> git status -z -u
> git symbolic-ref --short HEAD
> git rev-parse main
> git rev-parse --symbolic-full-name main@{u}
> git rev-list --left-right main...refs/remotes/origin/main
> git for-each-ref --sort -committerdate --format %(refname) %(objectname) %(*objectname)
> git remote --verbose
Warning: Failed to watch ref '/home/erik/drip-games/.git/refs/remotes/origin/main', is most likely packed.
> git config --get commit.template
> git ls-tree -l HEAD -- /home/erik/drip-games/style.css
> git ls-files --stage -- /home/erik/drip-games/style.css
> git show --textconv HEAD:style.css
> git show --textconv :style.css
> git status -z -u
> git symbolic-ref --short HEAD
> git rev-parse main
> git rev-parse --symbolic-full-name main@{u}
> git rev-list --left-right main...refs/remotes/origin/main
> git for-each-ref --sort -committerdate --format %(refname) %(objectname) %(*objectname)
> git remote --verbose
Warning: Failed to watch ref '/home/erik/drip-games/.git/refs/remotes/origin/main', is most likely packed.
> git config --get commit.template
> git status -z -u
> git symbolic-ref --short HEAD
> git rev-parse main
> git rev-parse --symbolic-full-name main@{u}
> git rev-list --left-right main...refs/remotes/origin/main
> git for-each-ref --sort -committerdate --format %(refname) %(objectname) %(*objectname)
> git remote --verbose
Warning: Failed to watch ref '/home/erik/drip-games/.git/refs/remotes/origin/main', is most likely packed.
> git config --get commit.template
> git ls-tree -l HEAD -- /home/erik/drip-games/style.css
> git ls-files --stage -- /home/erik/drip-games/style.css
> git show --textconv HEAD:style.css
> git show --textconv :style.css
> git ls-tree -l HEAD -- /home/erik/drip-games/style.css
> git ls-files --stage -- /home/erik/drip-games/style.css
> git show --textconv :style.css
> git show --textconv HEAD:style.css
> git status -z -u
> git symbolic-ref --short HEAD
> git rev-parse main
> git rev-parse --symbolic-full-name main@{u}
> git rev-list --left-right main...refs/remotes/origin/main
> git for-each-ref --sort -committerdate --format %(refname) %(objectname) %(*objectname)
> git remote --verbose
Warning: Failed to watch ref '/home/erik/drip-games/.git/refs/remotes/origin/main', is most likely packed.
> git config --get commit.template
> git ls-tree -l HEAD -- /home/erik/drip-games/style.css
> git ls-files --stage -- /home/erik/drip-games/style.css
> git show --textconv HEAD:style.css
> git show --textconv :style.css
> git status -z -u
> git symbolic-ref --short HEAD
> git rev-parse main
> git rev-parse --symbolic-full-name main@{u}
> git rev-list --left-right main...refs/remotes/origin/main
> git for-each-ref --sort -committerdate --format %(refname) %(objectname) %(*objectname)
> git remote --verbose
Warning: Failed to watch ref '/home/erik/drip-games/.git/refs/remotes/origin/main', is most likely packed.
> git config --get commit.template
> git fetch
> git status -z -u
> git symbolic-ref --short HEAD
> git rev-parse main
> git rev-parse --symbolic-full-name main@{u}
> git rev-list --left-right main...refs/remotes/origin/main
> git for-each-ref --sort -committerdate --format %(refname) %(objectname) %(*objectname)
> git remote --verbose
Warning: Failed to watch ref '/home/erik/drip-games/.git/refs/remotes/origin/main', is most likely packed.
> git config --get commit.template
> git ls-tree -l HEAD -- /home/erik/drip-games/style.css
> git ls-files --stage -- /home/erik/drip-games/style.css
> git show --textconv HEAD:style.css
> git show --textconv :style.css
> git status -z -u
> git symbolic-ref --short HEAD
> git rev-parse main
> git rev-parse --symbolic-full-name main@{u}
> git rev-list --left-right main...refs/remotes/origin/main
> git for-each-ref --sort -committerdate --format %(refname) %(objectname) %(*objectname)
> git remote --verbose
Warning: Failed to watch ref '/home/erik/drip-games/.git/refs/remotes/origin/main', is most likely packed.
> git config --get commit.template
> git fetch
> git status -z -u
> git symbolic-ref --short HEAD
> git rev-parse main
> git rev-parse --symbolic-full-name main@{u}
> git rev-list --left-right main...refs/remotes/origin/main
> git for-each-ref --sort -committerdate --format %(refname) %(objectname) %(*objectname)
> git remote --verbose
Warning: Failed to watch ref '/home/erik/drip-games/.git/refs/remotes/origin/main', is most likely packed.
> git config --get commit.template
> git ls-tree -l HEAD -- /home/erik/drip-games/style.css
> git ls-files --stage -- /home/erik/drip-games/style.css
> git show --textconv HEAD:style.css
> git show --textconv :style.css
> git status -z -u
> git symbolic-ref --short HEAD
> git rev-parse main
> git rev-parse --symbolic-full-name main@{u}
> git rev-list --left-right main...refs/remotes/origin/main
> git for-each-ref --sort -committerdate --format %(refname) %(objectname) %(*objectname)
> git remote --verbose
Warning: Failed to watch ref '/home/erik/drip-games/.git/refs/remotes/origin/main', is most likely packed.
> git config --get commit.template
> git fetch
> git status -z -u
> git symbolic-ref --short HEAD
> git rev-parse main
> git rev-parse --symbolic-full-name main@{u}
> git rev-list --left-right main...refs/remotes/origin/main
> git for-each-ref --sort -committerdate --format %(refname) %(objectname) %(*objectname)
> git remote --verbose
Warning: Failed to watch ref '/home/erik/drip-games/.git/refs/remotes/origin/main', is most likely packed.
> git config --get commit.template
> git ls-tree -l HEAD -- /home/erik/drip-games/style.css
> git ls-files --stage -- /home/erik/drip-games/style.css
> git show --textconv HEAD:style.css
> git show --textconv :style.css
> git status -z -u
> git symbolic-ref --short HEAD
> git rev-parse main
> git rev-parse --symbolic-full-name main@{u}
> git rev-list --left-right main...refs/remotes/origin/main
> git for-each-ref --sort -committerdate --format %(refname) %(objectname) %(*objectname)
> git remote --verbose
Warning: Failed to watch ref '/home/erik/drip-games/.git/refs/remotes/origin/main', is most likely packed.
> git config --get commit.template
> git fetch
> git status -z -u
> git symbolic-ref --short HEAD
> git rev-parse main
> git rev-parse --symbolic-full-name main@{u}
> git rev-list --left-right main...refs/remotes/origin/main
> git for-each-ref --sort -committerdate --format %(refname) %(objectname) %(*objectname)
> git remote --verbose
Warning: Failed to watch ref '/home/erik/drip-games/.git/refs/remotes/origin/main', is most likely packed.
> git config --get commit.template
> git ls-tree -l HEAD -- /home/erik/drip-games/style.css
> git ls-files --stage -- /home/erik/drip-games/style.css
> git show --textconv HEAD:style.css
> git show --textconv :style.css
> git status -z -u
> git symbolic-ref --short HEAD
> git rev-parse main
> git rev-parse --symbolic-full-name main@{u}
> git rev-list --left-right main...refs/remotes/origin/main
> git for-each-ref --sort -committerdate --format %(refname) %(objectname) %(*objectname)
> git remote --verbose
Warning: Failed to watch ref '/home/erik/drip-games/.git/refs/remotes/origin/main', is most likely packed.
> git config --get commit.template
> git ls-tree -l HEAD -- /home/erik/drip-games/style.css
> git ls-files --stage -- /home/erik/drip-games/style.css
> git fetch
> git status -z -u
> git symbolic-ref --short HEAD
> git rev-parse main
> git rev-parse --symbolic-full-name main@{u}
> git rev-list --left-right main...refs/remotes/origin/main
> git for-each-ref --sort -committerdate --format %(refname) %(objectname) %(*objectname)
> git remote --verbose
Warning: Failed to watch ref '/home/erik/drip-games/.git/refs/remotes/origin/main', is most likely packed.
> git config --get commit.template
> git status -z -u
> git symbolic-ref --short HEAD
> git rev-parse main
> git rev-parse --symbolic-full-name main@{u}
> git rev-list --left-right main...refs/remotes/origin/main
> git for-each-ref --sort -committerdate --format %(refname) %(objectname) %(*objectname)
> git remote --verbose
Warning: Failed to watch ref '/home/erik/drip-games/.git/refs/remotes/origin/main', is most likely packed.
> git config --get commit.template
> git show --textconv :style.css
> git ls-files --stage -- /home/erik/drip-games/style.css
> git show --textconv HEAD:index.html
> git ls-tree -l HEAD -- /home/erik/drip-games/index.html
git.stage 1
git.stage.scmResources 1
> git add -A -- /home/erik/drip-games/index.html
> git status -z -u
> git symbolic-ref --short HEAD
> git rev-parse main
> git rev-parse --symbolic-full-name main@{u}
> git rev-list --left-right main...refs/remotes/origin/main
> git for-each-ref --sort -committerdate --format %(refname) %(objectname) %(*objectname)
> git remote --verbose
Warning: Failed to watch ref '/home/erik/drip-games/.git/refs/remotes/origin/main', is most likely packed.
> git config --get commit.template
> git ls-files --stage -- /home/erik/drip-games/index.html
> git cat-file -s b0515234d2ba7686d17301edb3b535d2591fb8b9
> git show --textconv :index.html
> git status -z -u
> git symbolic-ref --short HEAD
> git rev-parse main
> git rev-parse --symbolic-full-name main@{u}
> git rev-list --left-right main...refs/remotes/origin/main
> git for-each-ref --sort -committerdate --format %(refname) %(objectname) %(*objectname)
> git remote --verbose
Warning: Failed to watch ref '/home/erik/drip-games/.git/refs/remotes/origin/main', is most likely packed.
> git config --get commit.template
> git add -A -- /home/erik/drip-games/about.html /home/erik/drip-games/style.css
> git status -z -u
> git symbolic-ref --short HEAD
> git rev-parse main
> git rev-parse --symbolic-full-name main@{u}
> git rev-list --left-right main...refs/remotes/origin/main
> git for-each-ref --sort -committerdate --format %(refname) %(objectname) %(*objectname)
> git remote --verbose
Warning: Failed to watch ref '/home/erik/drip-games/.git/refs/remotes/origin/main', is most likely packed.
> git config --get commit.template
> git ls-files --stage -- /home/erik/drip-games/index.html
> git cat-file -s b0515234d2ba7686d17301edb3b535d2591fb8b9
> git show --textconv :index.html
> git status -z -u
> git symbolic-ref --short HEAD
> git rev-parse main
> git rev-parse --symbolic-full-name main@{u}
> git rev-list --left-right main...refs/remotes/origin/main
> git for-each-ref --sort -committerdate --format %(refname) %(objectname) %(*objectname)
> git remote --verbose
Warning: Failed to watch ref '/home/erik/drip-games/.git/refs/remotes/origin/main', is most likely packed.
> git config --get commit.template
> git status -z -u
> git symbolic-ref --short HEAD
> git rev-parse main
> git rev-parse --symbolic-full-name main@{u}
> git rev-list --left-right main...refs/remotes/origin/main
> git for-each-ref --sort -committerdate --format %(refname) %(objectname) %(*objectname)
> git remote --verbose
Warning: Failed to watch ref '/home/erik/drip-games/.git/refs/remotes/origin/main', is most likely packed.
> git config --get commit.template
> git ls-files --stage -- /home/erik/drip-games/index.html
> git cat-file -s b0515234d2ba7686d17301edb3b535d2591fb8b9
> git show --textconv :index.html
> git status -z -u
> git symbolic-ref --short HEAD
> git rev-parse main
> git rev-parse --symbolic-full-name main@{u}
> git rev-list --left-right main...refs/remotes/origin/main
> git for-each-ref --sort -committerdate --format %(refname) %(objectname) %(*objectname)
> git remote --verbose
Warning: Failed to watch ref '/home/erik/drip-games/.git/refs/remotes/origin/main', is most likely packed.
> git config --get commit.template
> git ls-files --stage -- /home/erik/drip-games/index.html
> git cat-file -s b0515234d2ba7686d17301edb3b535d2591fb8b9
> git show --textconv HEAD:index.html
> git show --textconv :index.html
> git ls-tree -l HEAD -- /home/erik/drip-games/index.html
> git ls-files --stage -- /home/erik/drip-games/index.html
> git cat-file -s b0515234d2ba7686d17301edb3b535d2591fb8b9
> git show --textconv :levels.css
> git ls-files --stage -- /home/erik/drip-games/levels.css
> git cat-file -s a9d17bf86ecb8b05c2034d3f5060a1489caa8174
> git show --textconv :levels.html
> git ls-files --stage -- /home/erik/drip-games/levels.html
> git cat-file -s 2979f86ac9c6fe01e95b21b4372ae11bbbd2011d
> git show --textconv :levels.css
> git ls-files --stage -- /home/erik/drip-games/levels.css
> git cat-file -s a9d17bf86ecb8b05c2034d3f5060a1489caa8174
> git show --textconv :style.css
> git ls-files --stage -- /home/erik/drip-games/style.css
> git cat-file -s c37bd104822ccf60953454de22cdfd6df71d4002
> git fetch
From https://github.com/RasmusLing/drip-games
   8c095f2..f6f2b5c  main       -> origin/main
> git status -z -u
> git symbolic-ref --short HEAD
> git rev-parse main
> git rev-parse --symbolic-full-name main@{u}
> git rev-list --left-right main...refs/remotes/origin/main
> git for-each-ref --sort -committerdate --format %(refname) %(objectname) %(*objectname)
> git remote --verbose
> git config --get commit.template
> git ls-files --stage -- /home/erik/drip-games/style.css
> git cat-file -s c37bd104822ccf60953454de22cdfd6df71d4002
> git show --textconv :style.css
> git status -z -u
> git symbolic-ref --short HEAD
> git rev-parse main
> git rev-parse --symbolic-full-name main@{u}
> git rev-list --left-right main...refs/remotes/origin/main
> git for-each-ref --sort -committerdate --format %(refname) %(objectname) %(*objectname)
> git remote --verbose
> git config --get commit.template
> git show --textconv :index.html
> git ls-files --stage -- /home/erik/drip-games/index.html
> git cat-file -s b0515234d2ba7686d17301edb3b535d2591fb8b9
> git show --textconv :about.html
> git ls-files --stage -- /home/erik/drip-games/about.html
> git cat-file -s e69de29bb2d1d6434b8b29ae775ad8c2e48c5391
> git show --textconv :levels.css
> git ls-files --stage -- /home/erik/drip-games/levels.css
> git cat-file -s a9d17bf86ecb8b05c2034d3f5060a1489caa8174
> git show --textconv :index.html
> git ls-files --stage -- /home/erik/drip-games/index.html
> git cat-file -s b0515234d2ba7686d17301edb3b535d2591fb8b9
> git show --textconv :levels.html
> git ls-files --stage -- /home/erik/drip-games/levels.html
> git cat-file -s 2979f86ac9c6fe01e95b21b4372ae11bbbd2011d
> git -c user.useConfigOnly=true commit --quiet --allow-empty-message --file -
> git status -z -u
> git symbolic-ref --short HEAD
> git rev-parse main
> git rev-parse --symbolic-full-name main@{u}
> git rev-list --left-right main...refs/remotes/origin/main
> git for-each-ref --sort -committerdate --format %(refname) %(objectname) %(*objectname)
> git remote --verbose
> git config --get commit.template
> git ls-files --stage -- /home/erik/drip-games/levels.html
> git cat-file -s 2979f86ac9c6fe01e95b21b4372ae11bbbd2011d
> git show --textconv :levels.html
> git status -z -u
> git symbolic-ref --short HEAD
> git rev-parse main
> git rev-parse --symbolic-full-name main@{u}
> git rev-list --left-right main...refs/remotes/origin/main
> git for-each-ref --sort -committerdate --format %(refname) %(objectname) %(*objectname)
> git remote --verbose
> git config --get commit.template
> git log --format=%H%n%aN%n%aE%n%at%n%ct%n%P%n%B -z -n21 -- /home/erik/drip-games/levels.html
> git show --textconv :index.html
> git ls-files --stage -- /home/erik/drip-games/index.html
> git cat-file -s b0515234d2ba7686d17301edb3b535d2591fb8b9
> git status -z -u
> git symbolic-ref --short HEAD
> git rev-parse main
> git rev-parse --symbolic-full-name main@{u}
> git rev-list --left-right main...refs/remotes/origin/main
> git for-each-ref --sort -committerdate --format %(refname) %(objectname) %(*objectname)
> git remote --verbose
> git config --get commit.template
> git fetch
> git status -z -u
> git symbolic-ref --short HEAD
> git rev-parse main
> git rev-parse --symbolic-full-name main@{u}
> git rev-list --left-right main...refs/remotes/origin/main
> git for-each-ref --sort -committerdate --format %(refname) %(objectname) %(*objectname)
> git remote --verbose
> git config --get commit.template
> git ls-files --stage -- /home/erik/drip-games/index.html
> git cat-file -s b0515234d2ba7686d17301edb3b535d2591fb8b9
> git show --textconv :index.html
> git status -z -u
> git symbolic-ref --short HEAD
> git rev-parse main
> git rev-parse --symbolic-full-name main@{u}
> git rev-list --left-right main...refs/remotes/origin/main
> git for-each-ref --sort -committerdate --format %(refname) %(objectname) %(*objectname)
> git remote --verbose
> git config --get commit.template
> git status -z -u
> git symbolic-ref --short HEAD
> git rev-parse main
> git rev-parse --symbolic-full-name main@{u}
> git rev-list --left-right main...refs/remotes/origin/main
> git for-each-ref --sort -committerdate --format %(refname) %(objectname) %(*objectname)
> git remote --verbose
> git config --get commit.template
> git log --format=%H%n%aN%n%aE%n%at%n%ct%n%P%n%B -z -n21 -- /home/erik/drip-games/index.html
> git show --textconv :levels.html
> git ls-files --stage -- /home/erik/drip-games/levels.html
> git cat-file -s 2979f86ac9c6fe01e95b21b4372ae11bbbd2011d
> git show --textconv :index.html
> git ls-files --stage -- /home/erik/drip-games/index.html
> git cat-file -s b0515234d2ba7686d17301edb3b535d2591fb8b9
> git status -z -u
> git symbolic-ref --short HEAD
> git rev-parse main
> git rev-parse --symbolic-full-name main@{u}
> git rev-list --left-right main...refs/remotes/origin/main
> git for-each-ref --sort -committerdate --format %(refname) %(objectname) %(*objectname)
> git remote --verbose
> git config --get commit.template
> git show --textconv HEAD:index.html
> git ls-tree -l HEAD -- /home/erik/drip-games/index.html
> git status -z -u
> git symbolic-ref --short HEAD
> git rev-parse main
> git rev-parse --symbolic-full-name main@{u}
> git rev-list --left-right main...refs/remotes/origin/main
> git for-each-ref --sort -committerdate --format %(refname) %(objectname) %(*objectname)
> git remote --verbose
> git config --get commit.template
> git ls-tree -l HEAD -- /home/erik/drip-games/index.html
git.stage 1
git.stage.scmResources 1
> git add -A -- /home/erik/drip-games/index.html
> git status -z -u
> git symbolic-ref --short HEAD
> git rev-parse main
> git rev-parse --symbolic-full-name main@{u}
> git rev-list --left-right main...refs/remotes/origin/main
> git for-each-ref --sort -committerdate --format %(refname) %(objectname) %(*objectname)
> git remote --verbose
> git config --get commit.template
> git ls-files --stage -- /home/erik/drip-games/index.html
> git cat-file -s 9b76773adf3591bfa2d19da347fbb6ddd8244c27
> git show --textconv :index.html
> git status -z -u
> git symbolic-ref --short HEAD
> git rev-parse main
> git rev-parse --symbolic-full-name main@{u}
> git rev-list --left-right main...refs/remotes/origin/main
> git for-each-ref --sort -committerdate --format %(refname) %(objectname) %(*objectname)
> git remote --verbose
> git config --get commit.template
> git -c user.useConfigOnly=true commit --quiet --allow-empty-message --file -
> git status -z -u
> git symbolic-ref --short HEAD
> git rev-parse main
> git rev-parse --symbolic-full-name main@{u}
> git rev-list --left-right main...refs/remotes/origin/main
> git for-each-ref --sort -committerdate --format %(refname) %(objectname) %(*objectname)
> git remote --verbose
> git config --get commit.template
> git ls-tree -l HEAD -- /home/erik/drip-games/index.html
> git show --textconv HEAD:index.html
> git status -z -u
> git symbolic-ref --short HEAD
> git rev-parse main
> git rev-parse --symbolic-full-name main@{u}
> git rev-list --left-right main...refs/remotes/origin/main
> git for-each-ref --sort -committerdate --format %(refname) %(objectname) %(*objectname)
> git remote --verbose
> git config --get commit.template
> git ls-tree -l HEAD -- /home/erik/drip-games/index.html
> git fetch
> git status -z -u
> git symbolic-ref --short HEAD
> git rev-parse main
> git rev-parse --symbolic-full-name main@{u}
> git rev-list --left-right main...refs/remotes/origin/main
> git for-each-ref --sort -committerdate --format %(refname) %(objectname) %(*objectname)
> git remote --verbose
> git config --get commit.template
> git ls-tree -l HEAD -- /home/erik/drip-games/index.html
> git show --textconv HEAD:index.html
> git status -z -u
> git symbolic-ref --short HEAD
> git rev-parse main
> git rev-parse --symbolic-full-name main@{u}
> git rev-list --left-right main...refs/remotes/origin/main
> git for-each-ref --sort -committerdate --format %(refname) %(objectname) %(*objectname)
> git remote --verbose
> git config --get commit.template
> git log --format=%H%n%aN%n%aE%n%at%n%ct%n%P%n%B -z -n21 -- /home/erik/drip-games/index.html
> git show --textconv :index.html
> git ls-files --stage -- /home/erik/drip-games/index.html
> git cat-file -s 9b76773adf3591bfa2d19da347fbb6ddd8244c27
> git fetch
From https://github.com/RasmusLing/drip-games
   f6f2b5c..6c57fef  main       -> origin/main
> git status -z -u
> git symbolic-ref --short HEAD
> git rev-parse main
> git rev-parse --symbolic-full-name main@{u}
> git rev-list --left-right main...refs/remotes/origin/main
> git for-each-ref --sort -committerdate --format %(refname) %(objectname) %(*objectname)
> git remote --verbose
> git config --get commit.template
> git ls-tree -l HEAD -- /home/erik/drip-games/index.html
> git ls-files --stage -- /home/erik/drip-games/index.html
> git cat-file -s 9b76773adf3591bfa2d19da347fbb6ddd8244c27
> git show --textconv HEAD:index.html
> git show --textconv :index.html
> git status -z -u
> git symbolic-ref --short HEAD
> git rev-parse main
> git rev-parse --symbolic-full-name main@{u}
> git rev-list --left-right main...refs/remotes/origin/main
> git for-each-ref --sort -committerdate --format %(refname) %(objectname) %(*objectname)
> git remote --verbose
> git config --get commit.template
