[2021-02-04 19:59:02.967] [exthost] [info] extension host started
[2021-02-04 19:59:03.047] [exthost] [info] ExtensionService#_doActivateExtension vscode.emmet {"startup":false,"extensionId":{"value":"vscode.emmet","_lower":"vscode.emmet"},"activationEvent":"onLanguage:html"}
[2021-02-04 19:59:03.047] [exthost] [info] ExtensionService#loadCommonJSModule file:///home/erik/.vscode-server/bin/8490d3dde47c57ba65ec40dd192d014fd2113496/extensions/emmet/dist/node/emmetNodeMain
[2021-02-04 19:59:03.083] [exthost] [info] ExtensionService#_doActivateExtension vscode.html-language-features {"startup":false,"extensionId":{"value":"vscode.html-language-features","_lower":"vscode.html-language-features"},"activationEvent":"onLanguage:html"}
[2021-02-04 19:59:03.084] [exthost] [info] ExtensionService#loadCommonJSModule file:///home/erik/.vscode-server/bin/8490d3dde47c57ba65ec40dd192d014fd2113496/extensions/html-language-features/client/dist/node/htmlClientMain
[2021-02-04 19:59:03.150] [exthost] [info] ExtensionService#_doActivateExtension vscode.debug-auto-launch {"startup":true,"extensionId":{"value":"vscode.debug-auto-launch","_lower":"vscode.debug-auto-launch"},"activationEvent":"*"}
[2021-02-04 19:59:03.150] [exthost] [info] ExtensionService#loadCommonJSModule file:///home/erik/.vscode-server/bin/8490d3dde47c57ba65ec40dd192d014fd2113496/extensions/debug-auto-launch/dist/extension
[2021-02-04 19:59:03.155] [exthost] [info] ExtensionService#_doActivateExtension vscode.git {"startup":true,"extensionId":{"value":"vscode.github","_lower":"vscode.github"},"activationEvent":"*"}
[2021-02-04 19:59:03.156] [exthost] [info] ExtensionService#loadCommonJSModule file:///home/erik/.vscode-server/bin/8490d3dde47c57ba65ec40dd192d014fd2113496/extensions/git/dist/main
[2021-02-04 19:59:03.257] [exthost] [info] ExtensionService#_doActivateExtension ritwickdey.LiveServer {"startup":true,"extensionId":{"value":"ritwickdey.LiveServer","_lower":"ritwickdey.liveserver"},"activationEvent":"*"}
[2021-02-04 19:59:03.257] [exthost] [info] ExtensionService#loadCommonJSModule file:///home/erik/.vscode-server/extensions/ritwickdey.liveserver-5.6.1/out/src/extension
[2021-02-04 19:59:04.275] [exthost] [info] ExtensionService#_doActivateExtension vscode.github {"startup":true,"extensionId":{"value":"vscode.github","_lower":"vscode.github"},"activationEvent":"*"}
[2021-02-04 19:59:04.275] [exthost] [info] ExtensionService#loadCommonJSModule file:///home/erik/.vscode-server/bin/8490d3dde47c57ba65ec40dd192d014fd2113496/extensions/github/dist/extension.js
[2021-02-04 19:59:04.418] [exthost] [info] ExtensionService#_doActivateExtension vscode.merge-conflict {"startup":false,"extensionId":{"value":"vscode.merge-conflict","_lower":"vscode.merge-conflict"},"activationEvent":"onStartupFinished"}
[2021-02-04 19:59:04.418] [exthost] [info] ExtensionService#loadCommonJSModule file:///home/erik/.vscode-server/bin/8490d3dde47c57ba65ec40dd192d014fd2113496/extensions/merge-conflict/dist/mergeConflictMain
[2021-02-04 19:59:04.432] [exthost] [info] ExtensionService#_doActivateExtension vscode.testing-editor-contributions {"startup":false,"extensionId":{"value":"vscode.testing-editor-contributions","_lower":"vscode.testing-editor-contributions"},"activationEvent":"onStartupFinished"}
[2021-02-04 19:59:04.433] [exthost] [info] ExtensionService#loadCommonJSModule file:///home/erik/.vscode-server/bin/8490d3dde47c57ba65ec40dd192d014fd2113496/extensions/testing-editor-contributions/dist/extension.js
[2021-02-04 19:59:04.443] [exthost] [info] eager extensions activated
[2021-02-04 19:59:04.565] [exthost] [info] ExtensionService#_doActivateExtension ms-vscode.js-debug {"startup":false,"extensionId":{"value":"ms-vscode.js-debug","_lower":"ms-vscode.js-debug"},"activationEvent":"onCommand:extension.js-debug.clearAutoAttachVariables"}
[2021-02-04 19:59:04.566] [exthost] [info] ExtensionService#loadCommonJSModule file:///home/erik/.vscode-server/bin/8490d3dde47c57ba65ec40dd192d014fd2113496/extensions/ms-vscode.js-debug/src/extension.js
[2021-02-04 19:59:05.265] [exthost] [warning] [Decorations] CAPPING events from decorations provider vscode.git 2559
