[2021-02-03 09:20:09.727] [exthost] [info] extension host started
[2021-02-03 09:20:09.873] [exthost] [info] ExtensionService#_doActivateExtension vscode.debug-auto-launch {"startup":true,"extensionId":{"value":"vscode.debug-auto-launch","_lower":"vscode.debug-auto-launch"},"activationEvent":"*"}
[2021-02-03 09:20:09.874] [exthost] [info] ExtensionService#loadCommonJSModule file:///home/erik/.vscode-server/bin/ea3859d4ba2f3e577a159bc91e3074c5d85c0523/extensions/debug-auto-launch/dist/extension
[2021-02-03 09:20:09.881] [exthost] [info] ExtensionService#_doActivateExtension vscode.emmet {"startup":true,"extensionId":{"value":"vscode.emmet","_lower":"vscode.emmet"},"activationEvent":"*"}
[2021-02-03 09:20:09.881] [exthost] [info] ExtensionService#loadCommonJSModule file:///home/erik/.vscode-server/bin/ea3859d4ba2f3e577a159bc91e3074c5d85c0523/extensions/emmet/dist/node/emmetNodeMain
[2021-02-03 09:20:09.921] [exthost] [info] ExtensionService#_doActivateExtension vscode.git {"startup":true,"extensionId":{"value":"vscode.github","_lower":"vscode.github"},"activationEvent":"*"}
[2021-02-03 09:20:09.921] [exthost] [info] ExtensionService#loadCommonJSModule file:///home/erik/.vscode-server/bin/ea3859d4ba2f3e577a159bc91e3074c5d85c0523/extensions/git/dist/main
[2021-02-03 09:20:09.992] [exthost] [info] ExtensionService#_doActivateExtension vscode.merge-conflict {"startup":true,"extensionId":{"value":"vscode.merge-conflict","_lower":"vscode.merge-conflict"},"activationEvent":"*"}
[2021-02-03 09:20:09.992] [exthost] [info] ExtensionService#loadCommonJSModule file:///home/erik/.vscode-server/bin/ea3859d4ba2f3e577a159bc91e3074c5d85c0523/extensions/merge-conflict/dist/mergeConflictMain
[2021-02-03 09:20:10.001] [exthost] [info] ExtensionService#_doActivateExtension vscode.search-result {"startup":true,"extensionId":{"value":"vscode.search-result","_lower":"vscode.search-result"},"activationEvent":"*"}
[2021-02-03 09:20:10.002] [exthost] [info] ExtensionService#loadCommonJSModule file:///home/erik/.vscode-server/bin/ea3859d4ba2f3e577a159bc91e3074c5d85c0523/extensions/search-result/dist/extension.js
[2021-02-03 09:20:10.006] [exthost] [info] ExtensionService#_doActivateExtension ritwickdey.LiveServer {"startup":true,"extensionId":{"value":"ritwickdey.LiveServer","_lower":"ritwickdey.liveserver"},"activationEvent":"*"}
[2021-02-03 09:20:10.006] [exthost] [info] ExtensionService#loadCommonJSModule file:///home/erik/.vscode-server/extensions/ritwickdey.liveserver-5.6.1/out/src/extension
[2021-02-03 09:20:11.707] [exthost] [info] ExtensionService#_doActivateExtension vscode.github {"startup":true,"extensionId":{"value":"vscode.github","_lower":"vscode.github"},"activationEvent":"*"}
[2021-02-03 09:20:11.707] [exthost] [info] ExtensionService#loadCommonJSModule file:///home/erik/.vscode-server/bin/ea3859d4ba2f3e577a159bc91e3074c5d85c0523/extensions/github/dist/extension.js
[2021-02-03 09:20:11.878] [exthost] [info] ExtensionService#_doActivateExtension ms-vscode.js-debug {"startup":false,"extensionId":{"value":"ms-vscode.js-debug","_lower":"ms-vscode.js-debug"},"activationEvent":"onCommand:extension.js-debug.clearAutoAttachVariables"}
[2021-02-03 09:20:11.879] [exthost] [info] ExtensionService#loadCommonJSModule file:///home/erik/.vscode-server/bin/ea3859d4ba2f3e577a159bc91e3074c5d85c0523/extensions/ms-vscode.js-debug/src/extension.js
[2021-02-03 09:20:12.618] [exthost] [info] eager extensions activated
[2021-02-03 09:20:21.948] [exthost] [info] ExtensionService#_doActivateExtension vscode.html-language-features {"startup":false,"extensionId":{"value":"vscode.html-language-features","_lower":"vscode.html-language-features"},"activationEvent":"onLanguage:html"}
[2021-02-03 09:20:21.948] [exthost] [info] ExtensionService#loadCommonJSModule file:///home/erik/.vscode-server/bin/ea3859d4ba2f3e577a159bc91e3074c5d85c0523/extensions/html-language-features/client/dist/node/htmlClientMain
[2021-02-03 09:23:32.418] [exthost] [info] ExtensionService#_doActivateExtension vscode.css-language-features {"startup":false,"extensionId":{"value":"vscode.css-language-features","_lower":"vscode.css-language-features"},"activationEvent":"onLanguage:css"}
[2021-02-03 09:23:32.419] [exthost] [info] ExtensionService#loadCommonJSModule file:///home/erik/.vscode-server/bin/ea3859d4ba2f3e577a159bc91e3074c5d85c0523/extensions/css-language-features/client/dist/node/cssClientMain
