0 verbose cli [
0 verbose cli   '/home/erik/.nvm/versions/node/v15.7.0/bin/node',
0 verbose cli   '/home/erik/.nvm/versions/node/v15.7.0/bin/npm',
0 verbose cli   'run',
0 verbose cli   'dev'
0 verbose cli ]
1 info using npm@7.4.3
2 info using node@v15.7.0
3 timing config:load:defaults Completed in 1ms
4 timing config:load:file:/home/erik/.nvm/versions/node/v15.7.0/lib/node_modules/npm/npmrc Completed in 1ms
5 timing config:load:builtin Completed in 1ms
6 timing config:load:cli Completed in 1ms
7 timing config:load:env Completed in 0ms
8 timing config:load:project Completed in 1ms
9 timing config:load:file:/home/erik/.npmrc Completed in 0ms
10 timing config:load:user Completed in 0ms
11 timing config:load:file:/home/erik/.nvm/versions/node/v15.7.0/etc/npmrc Completed in 1ms
12 timing config:load:global Completed in 1ms
13 timing config:load:cafile Completed in 0ms
14 timing config:load:validate Completed in 0ms
15 timing config:load:setUserAgent Completed in 0ms
16 timing config:load:setEnvs Completed in 1ms
17 timing config:load Completed in 6ms
18 verbose npm-session 84fd598e21adf505
19 timing npm:load Completed in 16ms
20 timing command:run-script Completed in 2ms
21 verbose stack Error: missing script: dev
21 verbose stack     at runScript (/home/erik/.nvm/versions/node/v15.7.0/lib/node_modules/npm/lib/run-script.js:54:11)
22 verbose cwd /home/erik
23 verbose Linux 4.19.128-microsoft-standard
24 verbose argv "/home/erik/.nvm/versions/node/v15.7.0/bin/node" "/home/erik/.nvm/versions/node/v15.7.0/bin/npm" "run" "dev"
25 verbose node v15.7.0
26 verbose npm  v7.4.3
27 error missing script: dev
28 verbose exit 1
