0 info it worked if it ends with ok
1 verbose cli [
1 verbose cli   '/home/erik/.nvm/versions/node/v14.15.4/bin/node',
1 verbose cli   '/home/erik/.nvm/versions/node/v14.15.4/bin/npm',
1 verbose cli   'run',
1 verbose cli   'dev'
1 verbose cli ]
2 info using npm@6.14.10
3 info using node@v14.15.4
4 verbose stack Error: ENOENT: no such file or directory, open '/mnt/c/WINDOWS/system32/package.json'
5 verbose cwd /mnt/c/WINDOWS/system32
6 verbose Linux 4.19.128-microsoft-standard
7 verbose argv "/home/erik/.nvm/versions/node/v14.15.4/bin/node" "/home/erik/.nvm/versions/node/v14.15.4/bin/npm" "run" "dev"
8 verbose node v14.15.4
9 verbose npm  v6.14.10
10 error code ENOENT
11 error syscall open
12 error path /mnt/c/WINDOWS/system32/package.json
13 error errno -2
14 error enoent ENOENT: no such file or directory, open '/mnt/c/WINDOWS/system32/package.json'
15 error enoent This is related to npm not being able to find a file.
16 verbose exit [ -2, true ]
