0 info it worked if it ends with ok
1 verbose cli [ '/usr/bin/node', '/usr/bin/npm', 'run', 'dev' ]
2 info using npm@6.14.4
3 info using node@v10.19.0
4 verbose run-script [ 'predev', 'dev', 'postdev' ]
5 info lifecycle 100_days_vite@0.0.0~predev: 100_days_vite@0.0.0
6 info lifecycle 100_days_vite@0.0.0~dev: 100_days_vite@0.0.0
7 verbose lifecycle 100_days_vite@0.0.0~dev: unsafe-perm in lifecycle true
8 verbose lifecycle 100_days_vite@0.0.0~dev: PATH: /usr/share/npm/node_modules/npm-lifecycle/node-gyp-bin:/home/erik/100days_tak20/node_modules/.bin:/home/erik/.vscode-server/bin/ea3859d4ba2f3e577a159bc91e3074c5d85c0523/bin:/usr/local/sbin:/usr/local/bin:/usr/sbin:/usr/bin:/sbin:/bin:/usr/games:/usr/local/games:/mnt/c/Program Files/WindowsApps/CanonicalGroupLimited.Ubuntu20.04onWindows_2004.2020.812.0_x64__79rhkp1fndgsc:/mnt/c/Program Files (x86)/Common Files/Oracle/Java/javapath:/mnt/c/Program Files (x86)/Intel/Intel(R) Management Engine Components/iCLS/:/mnt/c/Program Files/Intel/Intel(R) Management Engine Components/iCLS/:/mnt/c/Windows/system32:/mnt/c/Windows:/mnt/c/Windows/System32/Wbem:/mnt/c/Windows/System32/WindowsPowerShell/v1.0/:/mnt/c/Windows/System32/OpenSSH/:/mnt/c/Program Files (x86)/NVIDIA Corporation/PhysX/Common:/mnt/c/Program Files (x86)/Intel/Intel(R) Management Engine Components/DAL:/mnt/c/Program Files/Intel/Intel(R) Management Engine Components/DAL:/mnt/c/Program Files/NVIDIA Corporation/NVIDIA NvDLISR:/mnt/c/WINDOWS/system32:/mnt/c/WINDOWS:/mnt/c/WINDOWS/System32/Wbem:/mnt/c/WINDOWS/System32/WindowsPowerShell/v1.0/:/mnt/c/WINDOWS/System32/OpenSSH/:/mnt/c/Program Files/Intel/WiFi/bin/:/mnt/c/Program Files/Common Files/Intel/WirelessCommon/:/mnt/c/Program Files/nodejs/:/mnt/c/Users/X1D8/AppData/Local/Microsoft/WindowsApps:/mnt/c/Users/X1D8/AppData/Local/Programs/Microsoft VS Code/bin:/mnt/c/Users/X1D8/AppData/Local/GitHubDesktop/bin:/mnt/c/Users/X1D8/AppData/Roaming/npm:/snap/bin
9 verbose lifecycle 100_days_vite@0.0.0~dev: CWD: /home/erik/100days_tak20
10 silly lifecycle 100_days_vite@0.0.0~dev: Args: [ '-c', 'vite' ]
11 silly lifecycle 100_days_vite@0.0.0~dev: Returned: code: 1  signal: null
12 info lifecycle 100_days_vite@0.0.0~dev: Failed to exec dev script
13 verbose stack Error: 100_days_vite@0.0.0 dev: `vite`
13 verbose stack Exit status 1
13 verbose stack     at EventEmitter.<anonymous> (/usr/share/npm/node_modules/npm-lifecycle/index.js:332:16)
13 verbose stack     at EventEmitter.emit (events.js:198:13)
13 verbose stack     at ChildProcess.<anonymous> (/usr/share/npm/node_modules/npm-lifecycle/lib/spawn.js:55:14)
13 verbose stack     at ChildProcess.emit (events.js:198:13)
13 verbose stack     at maybeClose (internal/child_process.js:982:16)
13 verbose stack     at Process.ChildProcess._handle.onexit (internal/child_process.js:259:5)
14 verbose pkgid 100_days_vite@0.0.0
15 verbose cwd /home/erik/100days_tak20
16 verbose Linux 4.19.128-microsoft-standard
17 verbose argv "/usr/bin/node" "/usr/bin/npm" "run" "dev"
18 verbose node v10.19.0
19 verbose npm  v6.14.4
20 error code ELIFECYCLE
21 error errno 1
22 error 100_days_vite@0.0.0 dev: `vite`
22 error Exit status 1
23 error Failed at the 100_days_vite@0.0.0 dev script.
23 error This is probably not a problem with npm. There is likely additional logging output above.
24 verbose exit [ 1, true ]
