[2021-01-29 08:39:04.405] [exthost] [info] extension host started
[2021-01-29 08:39:04.621] [exthost] [info] ExtensionService#_doActivateExtension vscode.debug-auto-launch {"startup":true,"extensionId":{"value":"vscode.debug-auto-launch","_lower":"vscode.debug-auto-launch"},"activationEvent":"*"}
[2021-01-29 08:39:04.621] [exthost] [info] ExtensionService#loadCommonJSModule file:///home/erik/.vscode-server/bin/ea3859d4ba2f3e577a159bc91e3074c5d85c0523/extensions/debug-auto-launch/dist/extension
[2021-01-29 08:39:04.629] [exthost] [info] ExtensionService#_doActivateExtension vscode.emmet {"startup":true,"extensionId":{"value":"vscode.emmet","_lower":"vscode.emmet"},"activationEvent":"*"}
[2021-01-29 08:39:04.630] [exthost] [info] ExtensionService#loadCommonJSModule file:///home/erik/.vscode-server/bin/ea3859d4ba2f3e577a159bc91e3074c5d85c0523/extensions/emmet/dist/node/emmetNodeMain
[2021-01-29 08:39:04.673] [exthost] [info] ExtensionService#_doActivateExtension vscode.git {"startup":true,"extensionId":{"value":"vscode.github","_lower":"vscode.github"},"activationEvent":"*"}
[2021-01-29 08:39:04.674] [exthost] [info] ExtensionService#loadCommonJSModule file:///home/erik/.vscode-server/bin/ea3859d4ba2f3e577a159bc91e3074c5d85c0523/extensions/git/dist/main
[2021-01-29 08:39:04.741] [exthost] [info] ExtensionService#_doActivateExtension vscode.merge-conflict {"startup":true,"extensionId":{"value":"vscode.merge-conflict","_lower":"vscode.merge-conflict"},"activationEvent":"*"}
[2021-01-29 08:39:04.741] [exthost] [info] ExtensionService#loadCommonJSModule file:///home/erik/.vscode-server/bin/ea3859d4ba2f3e577a159bc91e3074c5d85c0523/extensions/merge-conflict/dist/mergeConflictMain
[2021-01-29 08:39:04.747] [exthost] [info] ExtensionService#_doActivateExtension vscode.search-result {"startup":true,"extensionId":{"value":"vscode.search-result","_lower":"vscode.search-result"},"activationEvent":"*"}
[2021-01-29 08:39:04.747] [exthost] [info] ExtensionService#loadCommonJSModule file:///home/erik/.vscode-server/bin/ea3859d4ba2f3e577a159bc91e3074c5d85c0523/extensions/search-result/dist/extension.js
[2021-01-29 08:39:04.749] [exthost] [info] ExtensionService#_doActivateExtension ritwickdey.LiveServer {"startup":true,"extensionId":{"value":"ritwickdey.LiveServer","_lower":"ritwickdey.liveserver"},"activationEvent":"*"}
[2021-01-29 08:39:04.750] [exthost] [info] ExtensionService#loadCommonJSModule file:///home/erik/.vscode-server/extensions/ritwickdey.liveserver-5.6.1/out/src/extension
[2021-01-29 08:39:06.042] [exthost] [info] ExtensionService#_doActivateExtension vscode.npm {"startup":true,"extensionId":{"value":"vscode.npm","_lower":"vscode.npm"},"activationEvent":"workspaceContains:package.json"}
[2021-01-29 08:39:06.043] [exthost] [info] ExtensionService#loadCommonJSModule file:///home/erik/.vscode-server/bin/ea3859d4ba2f3e577a159bc91e3074c5d85c0523/extensions/npm/dist/npmMain
[2021-01-29 08:39:06.307] [exthost] [info] ExtensionService#_doActivateExtension vscode.github {"startup":true,"extensionId":{"value":"vscode.github","_lower":"vscode.github"},"activationEvent":"*"}
[2021-01-29 08:39:06.308] [exthost] [info] ExtensionService#loadCommonJSModule file:///home/erik/.vscode-server/bin/ea3859d4ba2f3e577a159bc91e3074c5d85c0523/extensions/github/dist/extension.js
[2021-01-29 08:39:06.439] [exthost] [info] ExtensionService#_doActivateExtension ms-vscode.js-debug {"startup":false,"extensionId":{"value":"ms-vscode.js-debug","_lower":"ms-vscode.js-debug"},"activationEvent":"onCommand:extension.js-debug.clearAutoAttachVariables"}
[2021-01-29 08:39:06.439] [exthost] [info] ExtensionService#loadCommonJSModule file:///home/erik/.vscode-server/bin/ea3859d4ba2f3e577a159bc91e3074c5d85c0523/extensions/ms-vscode.js-debug/src/extension.js
[2021-01-29 08:39:07.020] [exthost] [info] eager extensions activated
[2021-01-29 08:39:27.511] [exthost] [info] ExtensionService#_doActivateExtension vscode.configuration-editing {"startup":false,"extensionId":{"value":"vscode.configuration-editing","_lower":"vscode.configuration-editing"},"activationEvent":"onLanguage:json"}
[2021-01-29 08:39:27.512] [exthost] [info] ExtensionService#loadCommonJSModule file:///home/erik/.vscode-server/bin/ea3859d4ba2f3e577a159bc91e3074c5d85c0523/extensions/configuration-editing/dist/configurationEditingMain
[2021-01-29 08:39:27.630] [exthost] [info] ExtensionService#_doActivateExtension vscode.extension-editing {"startup":false,"extensionId":{"value":"vscode.extension-editing","_lower":"vscode.extension-editing"},"activationEvent":"onLanguage:json"}
[2021-01-29 08:39:27.631] [exthost] [info] ExtensionService#loadCommonJSModule file:///home/erik/.vscode-server/bin/ea3859d4ba2f3e577a159bc91e3074c5d85c0523/extensions/extension-editing/dist/extensionEditingMain
[2021-01-29 08:39:27.660] [exthost] [info] ExtensionService#_doActivateExtension vscode.json-language-features {"startup":false,"extensionId":{"value":"vscode.json-language-features","_lower":"vscode.json-language-features"},"activationEvent":"onLanguage:json"}
[2021-01-29 08:39:27.661] [exthost] [info] ExtensionService#loadCommonJSModule file:///home/erik/.vscode-server/bin/ea3859d4ba2f3e577a159bc91e3074c5d85c0523/extensions/json-language-features/client/dist/node/jsonClientMain
[2021-01-29 08:39:29.972] [exthost] [info] ExtensionService#_doActivateExtension vscode.typescript-language-features {"startup":false,"extensionId":{"value":"vscode.typescript-language-features","_lower":"vscode.typescript-language-features"},"activationEvent":"onLanguage:jsonc"}
[2021-01-29 08:39:29.972] [exthost] [info] ExtensionService#loadCommonJSModule file:///home/erik/.vscode-server/bin/ea3859d4ba2f3e577a159bc91e3074c5d85c0523/extensions/typescript-language-features/dist/extension
